[2026-02-04 16:21:08] 🔄 Pulling changes from GitHub...
From https://github.com/JonasAbde/jonasabde-vault
 * branch            main       -> FETCH_HEAD
[2026-02-04 16:21:08] ✅ Already up to date
[2026-02-04 16:21:08] 📤 Friday made changes, committing...
[main b0e05d9] 🤖 Friday update: 2026-02-04 16:21
 1 file changed, 5 insertions(+)
 create mode 100644 .git-sync.log
[2026-02-04 16:21:08] 📤 Pushing to GitHub...
To https://github.com/JonasAbde/jonasabde-vault.git
   4816931..b0e05d9  main -> main
[2026-02-04 16:21:09] ✅ Push successful
[2026-02-04 16:21:09] ✨ Vault sync complete
[2026-02-04 16:31:19] 🔄 Pulling changes from GitHub...
From https://github.com/JonasAbde/jonasabde-vault
 * branch            main       -> FETCH_HEAD
   b0e05d9..6c99f42  main       -> origin/main
[2026-02-04 16:31:19] 📥 New changes found, pulling...
error: cannot pull with rebase: You have unstaged changes.
error: Please commit or stash them.
[2026-02-04 16:31:19] ✅ Pull successful
[2026-02-04 16:31:19] 📤 Friday made changes, committing...
[main 025bb3b] 🤖 Friday update: 2026-02-04 16:31
 1 file changed, 17 insertions(+)
[2026-02-04 16:31:19] 📤 Pushing to GitHub...
To https://github.com/JonasAbde/jonasabde-vault.git
 ! [rejected]        main -> main (non-fast-forward)
error: failed to push some refs to 'https://github.com/JonasAbde/jonasabde-vault.git'
hint: Updates were rejected because the tip of your current branch is behind
hint: its remote counterpart. If you want to integrate the remote changes,
hint: use 'git pull' before pushing again.
hint: See the 'Note about fast-forwards' in 'git push --help' for details.
[2026-02-04 16:31:19] ✅ Push successful
[2026-02-04 16:31:19] ✨ Vault sync complete
